<?xml version="1.0" encoding="UTF-8"?>
<!-- Generated by org.testng.reporters.JUnitXMLReporter -->
<testsuite ignored="2" hostname="W1968289" failures="0" tests="1" name="GRP-bvt" time="0.182" errors="0" timestamp="2022-04-21T18:06:30 IST">
  <testcase classname="Ui.groupdemoclass" name="aslogin" time="0.025"/>
  <testcase classname="Ui.groupdemoclass" name="bslogin" time="0.0">
    <ignored/>
  </testcase> <!-- bslogin -->
  <testcase classname="Ui.groupdemoclass" name="login" time="0.0">
    <ignored/>
  </testcase> <!-- login -->
</testsuite> <!-- GRP-bvt -->
